<?xml version="1.0" encoding="UTF-8"?>
<!-- Generated by org.testng.reporters.JUnitReportReporter -->
<testsuite hostname="LTIN180448" failures="0" tests="1" name="com.testClasses.TC01_Registration" time="24.618" errors="0" timestamp="2021-08-31T16:58:58 IST" skipped="0">
  <testcase classname="com.testClasses.TC01_Registration" name="invalidUser" time="24.618"/>
  <system-out/>
</testsuite> <!-- com.testClasses.TC01_Registration -->
