<?xml version="1.0" encoding="UTF-8"?>
<!-- Generated by org.testng.reporters.JUnitReportReporter -->
<testsuite hostname="LTIN180448" failures="0" tests="1" name="com.testClasses.Registration" time="26.402" errors="0" timestamp="2021-09-01T12:26:12 IST" skipped="0">
  <testcase classname="com.testClasses.Registration" name="TC01_invalidUser" time="26.402"/>
  <system-out/>
</testsuite> <!-- com.testClasses.Registration -->
